<?xml version="1.0" encoding="utf-8"?><testsuites name="pytest tests"><testsuite name="pytest" errors="0" failures="0" skipped="0" tests="4" time="1.302" timestamp="2026-06-30T17:24:54.495153+00:00" hostname="agent-env-f2f92279-ca3e-4a6e-8241-f7ea75f802a1"><testcase classname="tests.test_contact.TestHealth" name="test_health_ok_and_email_configured" time="0.371" /><testcase classname="tests.test_contact.TestContactValidation" name="test_empty_body_returns_422" time="0.314" /><testcase classname="tests.test_contact.TestContactValidation" name="test_malformed_email_returns_422" time="0.141" /><testcase classname="tests.test_contact.TestContactSend" name="test_contact_success_delivered" time="0.337" /></testsuite></testsuites>